[2023-07-08 23:16:58,738: INFO: main: Hello logger!]
[2023-07-10 01:35:11,490: INFO: common: yaml file: config\config.yaml loaded successfully]
[2023-07-10 01:35:11,492: INFO: common: yaml file: params.yaml loaded successfully]
[2023-07-10 01:35:11,493: INFO: common: created directory at: artifacts]
[2023-07-10 01:35:11,495: INFO: common: created directory at: artifacts/data_ingestion]
[2023-07-10 01:44:47,232: INFO: common: yaml file: config\config.yaml loaded successfully]
[2023-07-10 01:44:47,233: INFO: common: yaml file: params.yaml loaded successfully]
[2023-07-10 01:44:47,235: INFO: common: created directory at: artifacts]
[2023-07-10 01:44:47,236: INFO: common: created directory at: artifacts/data_ingestion]
[2023-07-10 01:45:15,811: INFO: common: yaml file: config\config.yaml loaded successfully]
[2023-07-10 01:45:15,812: INFO: common: yaml file: params.yaml loaded successfully]
[2023-07-10 01:45:15,814: INFO: common: created directory at: artifacts]
[2023-07-10 01:45:15,815: INFO: common: created directory at: artifacts/data_ingestion]
[2023-07-10 01:46:57,411: INFO: common: yaml file: config\config.yaml loaded successfully]
[2023-07-10 01:46:57,412: INFO: common: yaml file: params.yaml loaded successfully]
[2023-07-10 01:46:57,414: INFO: common: created directory at: artifacts]
[2023-07-10 01:46:57,415: INFO: common: created directory at: artifacts/data_ingestion]
[2023-07-10 01:47:10,326: INFO: common: yaml file: config\config.yaml loaded successfully]
[2023-07-10 01:47:10,328: INFO: common: yaml file: params.yaml loaded successfully]
[2023-07-10 01:47:10,329: INFO: common: created directory at: artifacts]
[2023-07-10 01:47:10,330: INFO: common: created directory at: artifacts/data_ingestion]
[2023-07-10 01:48:28,902: INFO: common: yaml file: config\config.yaml loaded successfully]
[2023-07-10 01:48:28,903: INFO: common: yaml file: params.yaml loaded successfully]
[2023-07-10 01:48:28,905: INFO: common: created directory at: artifacts]
[2023-07-10 01:48:28,906: INFO: common: created directory at: artifacts/data_ingestion]
[2023-07-10 01:56:48,023: INFO: common: yaml file: config\config.yaml loaded successfully]
[2023-07-10 01:56:48,025: INFO: common: yaml file: params.yaml loaded successfully]
[2023-07-10 01:56:48,026: INFO: common: created directory at: artifacts]
[2023-07-10 01:56:48,027: INFO: common: created directory at: artifacts/data_ingestion]
[2023-07-10 02:04:24,480: INFO: common: yaml file: config\config.yaml loaded successfully]
[2023-07-10 02:04:24,482: INFO: common: yaml file: params.yaml loaded successfully]
[2023-07-10 02:04:24,483: INFO: common: created directory at: artifacts]
[2023-07-10 02:04:24,484: INFO: common: created directory at: artifacts/data_ingestion]
[2023-07-10 02:04:25,009: INFO: 4037744573: artifacts/data_ingestion/data.zip download! with following info: 
Server: GitHub.com
Date: Mon, 10 Jul 2023 00:04:24 GMT
Content-Type: text/html; charset=utf-8
Vary: X-PJAX, X-PJAX-Container, Turbo-Visit, Turbo-Frame, Accept-Encoding, Accept, X-Requested-With
ETag: W/"53d8a2d1eb9f2bf72e58ee128ead742b"
Cache-Control: max-age=0, private, must-revalidate
Strict-Transport-Security: max-age=31536000; includeSubdomains; preload
X-Frame-Options: deny
X-Content-Type-Options: nosniff
X-XSS-Protection: 0
Referrer-Policy: no-referrer-when-downgrade
Content-Security-Policy: default-src 'none'; base-uri 'self'; block-all-mixed-content; child-src github.com/assets-cdn/worker/ gist.github.com/assets-cdn/worker/; connect-src 'self' uploads.github.com objects-origin.githubusercontent.com www.githubstatus.com collector.github.com raw.githubusercontent.com api.github.com github-cloud.s3.amazonaws.com github-production-repository-file-5c1aeb.s3.amazonaws.com github-production-upload-manifest-file-7fdce7.s3.amazonaws.com github-production-user-asset-6210df.s3.amazonaws.com cdn.optimizely.com logx.optimizely.com/v1/events *.actions.githubusercontent.com productionresultssa0.blob.core.windows.net/ productionresultssa1.blob.core.windows.net/ productionresultssa2.blob.core.windows.net/ productionresultssa3.blob.core.windows.net/ productionresultssa4.blob.core.windows.net/ wss://*.actions.githubusercontent.com github-production-repository-image-32fea6.s3.amazonaws.com github-production-release-asset-2e65be.s3.amazonaws.com insights.github.com wss://alive.github.com; font-src github.githubassets.com; form-action 'self' github.com gist.github.com objects-origin.githubusercontent.com; frame-ancestors 'none'; frame-src viewscreen.githubusercontent.com notebooks.githubusercontent.com; img-src 'self' data: github.githubassets.com media.githubusercontent.com camo.githubusercontent.com identicons.github.com avatars.githubusercontent.com github-cloud.s3.amazonaws.com objects.githubusercontent.com objects-origin.githubusercontent.com secured-user-images.githubusercontent.com/ user-images.githubusercontent.com/ private-user-images.githubusercontent.com opengraph.githubassets.com github-production-user-asset-6210df.s3.amazonaws.com customer-stories-feed.github.com spotlights-feed.github.com *.githubusercontent.com; manifest-src 'self'; media-src github.com user-images.githubusercontent.com/ secured-user-images.githubusercontent.com/ private-user-images.githubusercontent.com; script-src github.githubassets.com; style-src 'unsafe-inline' github.githubassets.com; worker-src github.com/assets-cdn/worker/ gist.github.com/assets-cdn/worker/
Set-Cookie: _gh_sess=MuldNHmca8ahDhwcV%2B9ClQaYHrFbwl%2FP6qmCmzAJLxIOY1px8VBfW9Y0%2FIuG7pZQsfgYta4E8mSXVqAXwgv%2FZQeUGbswI0%2FyZWIIVztqA4hami5eJSfLPPlaeBQ6L9pjpUp%2F38vS8AFsbMVjy7Y7CXglgvGk4Z4SlxwbpcwOPVHm0t0x%2F0%2F6kuxCUqRoOMfD43yyVOI73rr2GvWycsclpBlFjK1R0B5HFpkKn4vggO%2B%2B%2FUEhugYrg%2BpnXV2UdXhnbNuU5SWRUoD2kYf0UabEFQ%3D%3D--6Dfbgcq%2B7k0INIfu--mn3KsHqGq9P%2B8RS08u%2BgkQ%3D%3D; Path=/; HttpOnly; Secure; SameSite=Lax
Set-Cookie: _octo=GH1.1.297593179.1688947464; Path=/; Domain=github.com; Expires=Wed, 10 Jul 2024 00:04:24 GMT; Secure; SameSite=Lax
Set-Cookie: logged_in=no; Path=/; Domain=github.com; Expires=Wed, 10 Jul 2024 00:04:24 GMT; HttpOnly; Secure; SameSite=Lax
Accept-Ranges: bytes
Transfer-Encoding: chunked
X-GitHub-Request-Id: D9E2:29FE:BAB1AA3:BDF585F:64AB4B08
connection: close

]
[2023-07-10 02:06:07,657: INFO: common: yaml file: config\config.yaml loaded successfully]
[2023-07-10 02:06:07,658: INFO: common: yaml file: params.yaml loaded successfully]
[2023-07-10 02:06:07,660: INFO: common: created directory at: artifacts]
[2023-07-10 02:06:07,661: INFO: common: created directory at: artifacts/data_ingestion]
[2023-07-10 02:06:08,143: INFO: 4037744573: artifacts/data_ingestion/data.zip download! with following info: 
Server: GitHub.com
Date: Mon, 10 Jul 2023 00:06:08 GMT
Content-Type: text/html; charset=utf-8
Vary: X-PJAX, X-PJAX-Container, Turbo-Visit, Turbo-Frame, Accept-Encoding, Accept, X-Requested-With
ETag: W/"77cbe064fd3f86b7e4a7cc7cf6f4b0c8"
Cache-Control: max-age=0, private, must-revalidate
Strict-Transport-Security: max-age=31536000; includeSubdomains; preload
X-Frame-Options: deny
X-Content-Type-Options: nosniff
X-XSS-Protection: 0
Referrer-Policy: no-referrer-when-downgrade
Content-Security-Policy: default-src 'none'; base-uri 'self'; block-all-mixed-content; child-src github.com/assets-cdn/worker/ gist.github.com/assets-cdn/worker/; connect-src 'self' uploads.github.com objects-origin.githubusercontent.com www.githubstatus.com collector.github.com raw.githubusercontent.com api.github.com github-cloud.s3.amazonaws.com github-production-repository-file-5c1aeb.s3.amazonaws.com github-production-upload-manifest-file-7fdce7.s3.amazonaws.com github-production-user-asset-6210df.s3.amazonaws.com cdn.optimizely.com logx.optimizely.com/v1/events *.actions.githubusercontent.com productionresultssa0.blob.core.windows.net/ productionresultssa1.blob.core.windows.net/ productionresultssa2.blob.core.windows.net/ productionresultssa3.blob.core.windows.net/ productionresultssa4.blob.core.windows.net/ wss://*.actions.githubusercontent.com github-production-repository-image-32fea6.s3.amazonaws.com github-production-release-asset-2e65be.s3.amazonaws.com insights.github.com wss://alive.github.com; font-src github.githubassets.com; form-action 'self' github.com gist.github.com objects-origin.githubusercontent.com; frame-ancestors 'none'; frame-src viewscreen.githubusercontent.com notebooks.githubusercontent.com; img-src 'self' data: github.githubassets.com media.githubusercontent.com camo.githubusercontent.com identicons.github.com avatars.githubusercontent.com github-cloud.s3.amazonaws.com objects.githubusercontent.com objects-origin.githubusercontent.com secured-user-images.githubusercontent.com/ user-images.githubusercontent.com/ private-user-images.githubusercontent.com opengraph.githubassets.com github-production-user-asset-6210df.s3.amazonaws.com customer-stories-feed.github.com spotlights-feed.github.com *.githubusercontent.com; manifest-src 'self'; media-src github.com user-images.githubusercontent.com/ secured-user-images.githubusercontent.com/ private-user-images.githubusercontent.com; script-src github.githubassets.com; style-src 'unsafe-inline' github.githubassets.com; worker-src github.com/assets-cdn/worker/ gist.github.com/assets-cdn/worker/
Set-Cookie: _gh_sess=Hj2l4akKHbFzl1UNuxY%2BPHZmHTXNRncE%2FiEbcXe4fjfvi0TxLLB0wUlyTsyw%2FGnDUEZqIhiqLp33fiHrB0fXSROqTuZ%2BtGhdNksmjhLlSHKyLfFT7Ki9%2Bv6aLQod0Wozq623l3uWSFpu5cKwETWCTkwNvuQq0HAA3eJn9HmwpD9qnzgScqIr5niQjxOCOr%2Ft6bApkZJ0tvUMF7uP7GHOAp8tVMqRxfu8hyM2lCL80alsflmX96N%2BO82y7qlSTw%2BejvR4qWB%2BdqE1yDUb8GMe%2BQ%3D%3D--Mq7xuDwqMFw%2BNyQC--rUOZ7Z%2FRHGdLtdkE3WqqCg%3D%3D; Path=/; HttpOnly; Secure; SameSite=Lax
Set-Cookie: _octo=GH1.1.997858946.1688947567; Path=/; Domain=github.com; Expires=Wed, 10 Jul 2024 00:06:07 GMT; Secure; SameSite=Lax
Set-Cookie: logged_in=no; Path=/; Domain=github.com; Expires=Wed, 10 Jul 2024 00:06:07 GMT; HttpOnly; Secure; SameSite=Lax
Accept-Ranges: bytes
Transfer-Encoding: chunked
X-GitHub-Request-Id: D9FB:0215:164D11C8:16A27CC5:64AB4B6F
connection: close

]
[2023-07-10 02:13:12,001: INFO: common: yaml file: config\config.yaml loaded successfully]
[2023-07-10 02:13:12,003: INFO: common: yaml file: params.yaml loaded successfully]
[2023-07-10 02:13:12,004: INFO: common: created directory at: artifacts]
[2023-07-10 02:13:12,005: INFO: common: created directory at: artifacts/data_ingestion]
[2023-07-10 02:13:12,006: INFO: 4037744573: File already exists of size: ~ 117 KB]
[2023-07-10 02:15:24,415: INFO: common: yaml file: config\config.yaml loaded successfully]
[2023-07-10 02:15:24,417: INFO: common: yaml file: params.yaml loaded successfully]
[2023-07-10 02:15:24,418: INFO: common: created directory at: artifacts]
[2023-07-10 02:15:24,419: INFO: common: created directory at: artifacts/data_ingestion]
[2023-07-10 02:15:24,420: INFO: 4037744573: File already exists of size: ~ 117 KB]
[2023-07-10 02:15:45,730: INFO: common: yaml file: config\config.yaml loaded successfully]
[2023-07-10 02:15:45,731: INFO: common: yaml file: params.yaml loaded successfully]
[2023-07-10 02:15:45,732: INFO: common: created directory at: artifacts]
[2023-07-10 02:15:45,733: INFO: common: created directory at: artifacts/data_ingestion]
[2023-07-10 02:15:45,734: INFO: 4037744573: File already exists of size: ~ 117 KB]
[2023-07-10 02:23:30,253: INFO: common: yaml file: config\config.yaml loaded successfully]
[2023-07-10 02:23:30,254: INFO: common: yaml file: params.yaml loaded successfully]
[2023-07-10 02:23:30,255: INFO: common: created directory at: artifacts]
[2023-07-10 02:23:30,256: INFO: common: created directory at: artifacts/data_ingestion]
[2023-07-10 02:23:30,257: INFO: 4037744573: File already exists of size: ~ 117 KB]
[2023-07-10 02:25:04,805: INFO: common: yaml file: config\config.yaml loaded successfully]
[2023-07-10 02:25:04,807: INFO: common: yaml file: params.yaml loaded successfully]
[2023-07-10 02:25:04,808: INFO: common: created directory at: artifacts]
[2023-07-10 02:25:04,809: INFO: common: created directory at: artifacts/data_ingestion]
[2023-07-10 02:25:04,810: INFO: 4264575351: File already exists of size: ~ 117 KB]
[2023-07-10 02:25:33,416: INFO: common: yaml file: config\config.yaml loaded successfully]
[2023-07-10 02:25:33,418: INFO: common: yaml file: params.yaml loaded successfully]
[2023-07-10 02:25:33,419: INFO: common: created directory at: artifacts]
[2023-07-10 02:25:33,420: INFO: common: created directory at: artifacts/data_ingestion]
[2023-07-10 02:25:34,978: INFO: 4264575351: artifacts/data_ingestion/data.zip download! with following info: 
Connection: close
Content-Length: 9977811
Cache-Control: max-age=300
Content-Security-Policy: default-src 'none'; style-src 'unsafe-inline'; sandbox
Content-Type: application/zip
ETag: "21dd92eb50cb6db3ca3237badf53329bcbcc6a86901633e818971e9030c69eb5"
Strict-Transport-Security: max-age=31536000
X-Content-Type-Options: nosniff
X-Frame-Options: deny
X-XSS-Protection: 1; mode=block
X-GitHub-Request-Id: E528:E59B:27DFF68:29AEECE:64AB4FFB
Accept-Ranges: bytes
Date: Mon, 10 Jul 2023 00:25:34 GMT
Via: 1.1 varnish
X-Served-By: cache-ams21042-AMS
X-Cache: MISS
X-Cache-Hits: 0
X-Timer: S1688948734.075771,VS0,VE597
Vary: Authorization,Accept-Encoding,Origin
Access-Control-Allow-Origin: *
Cross-Origin-Resource-Policy: cross-origin
X-Fastly-Request-ID: 6e4c847ed3350e14bb6ce05f50995661d9055927
Expires: Mon, 10 Jul 2023 00:30:34 GMT
Source-Age: 0

]
[2023-07-10 02:27:30,380: INFO: common: yaml file: config\config.yaml loaded successfully]
[2023-07-10 02:27:30,381: INFO: common: yaml file: params.yaml loaded successfully]
[2023-07-10 02:27:30,383: INFO: common: created directory at: artifacts]
[2023-07-10 02:27:30,384: INFO: common: created directory at: artifacts/data_ingestion]
[2023-07-10 02:27:32,105: INFO: 3000848132: artifacts/data_ingestion/data.zip download! with following info: 
Connection: close
Content-Length: 9977811
Cache-Control: max-age=300
Content-Security-Policy: default-src 'none'; style-src 'unsafe-inline'; sandbox
Content-Type: application/zip
ETag: "21dd92eb50cb6db3ca3237badf53329bcbcc6a86901633e818971e9030c69eb5"
Strict-Transport-Security: max-age=31536000
X-Content-Type-Options: nosniff
X-Frame-Options: deny
X-XSS-Protection: 1; mode=block
X-GitHub-Request-Id: E528:E59B:27DFF68:29AEECE:64AB4FFB
Accept-Ranges: bytes
Date: Mon, 10 Jul 2023 00:27:31 GMT
Via: 1.1 varnish
X-Served-By: cache-ams21067-AMS
X-Cache: HIT
X-Cache-Hits: 0
X-Timer: S1688948851.046203,VS0,VE1
Vary: Authorization,Accept-Encoding,Origin
Access-Control-Allow-Origin: *
Cross-Origin-Resource-Policy: cross-origin
X-Fastly-Request-ID: 6e730d2743a7151727386f5daeea13d0de6c1df6
Expires: Mon, 10 Jul 2023 00:32:31 GMT
Source-Age: 117

]
[2023-07-11 23:30:44,496: INFO: main: Hello logger!]
[2023-07-11 23:31:04,182: INFO: main: >>>>> Stage | Data Ingestion Stage | Started]
[2023-07-11 23:31:04,184: INFO: common: yaml file: config\config.yaml loaded successfully]
[2023-07-11 23:31:04,184: INFO: common: yaml file: params.yaml loaded successfully]
[2023-07-11 23:31:04,185: INFO: common: created directory at: artifacts]
[2023-07-11 23:31:04,186: INFO: common: created directory at: artifacts/data_ingestion]
[2023-07-11 23:31:05,659: INFO: data_ingestion: artifacts/data_ingestion/data.zip download! with following info: 
Connection: close
Content-Length: 9977811
Cache-Control: max-age=300
Content-Security-Policy: default-src 'none'; style-src 'unsafe-inline'; sandbox
Content-Type: application/zip
ETag: "21dd92eb50cb6db3ca3237badf53329bcbcc6a86901633e818971e9030c69eb5"
Strict-Transport-Security: max-age=31536000
X-Content-Type-Options: nosniff
X-Frame-Options: deny
X-XSS-Protection: 1; mode=block
X-GitHub-Request-Id: FF1E:71D2:BD13DB:C44273:64ADCA18
Accept-Ranges: bytes
Date: Tue, 11 Jul 2023 21:31:05 GMT
Via: 1.1 varnish
X-Served-By: cache-fra-eddf8230078-FRA
X-Cache: MISS
X-Cache-Hits: 0
X-Timer: S1689111065.853016,VS0,VE522
Vary: Authorization,Accept-Encoding,Origin
Access-Control-Allow-Origin: *
Cross-Origin-Resource-Policy: cross-origin
X-Fastly-Request-ID: e0ec9df091408aeb57045347961492b223be6fd9
Expires: Tue, 11 Jul 2023 21:36:05 GMT
Source-Age: 0

]
[2023-07-11 23:31:05,795: INFO: main: >>>>> Stage | Data Ingestion Stage | Finished 

 ========================================]
[2023-07-12 00:00:46,764: INFO: main: >>>>> Stage | Data Ingestion Stage | Started]
[2023-07-12 00:00:46,766: INFO: common: yaml file: config\config.yaml loaded successfully]
[2023-07-12 00:00:46,767: INFO: common: yaml file: params.yaml loaded successfully]
[2023-07-12 00:00:46,768: INFO: common: created directory at: artifacts]
[2023-07-12 00:00:46,768: INFO: common: created directory at: artifacts/data_ingestion]
[2023-07-12 00:00:48,823: INFO: data_ingestion: artifacts/data_ingestion/data.zip download! with following info: 
Connection: close
Content-Length: 9977811
Cache-Control: max-age=300
Content-Security-Policy: default-src 'none'; style-src 'unsafe-inline'; sandbox
Content-Type: application/zip
ETag: "21dd92eb50cb6db3ca3237badf53329bcbcc6a86901633e818971e9030c69eb5"
Strict-Transport-Security: max-age=31536000
X-Content-Type-Options: nosniff
X-Frame-Options: deny
X-XSS-Protection: 1; mode=block
X-GitHub-Request-Id: FF1E:71D2:BD13DB:C44273:64ADCA18
Accept-Ranges: bytes
Date: Tue, 11 Jul 2023 22:00:47 GMT
Via: 1.1 varnish
X-Served-By: cache-fra-eddf8230111-FRA
X-Cache: HIT
X-Cache-Hits: 0
X-Timer: S1689112847.399649,VS0,VE183
Vary: Authorization,Accept-Encoding,Origin
Access-Control-Allow-Origin: *
Cross-Origin-Resource-Policy: cross-origin
X-Fastly-Request-ID: d54806f24c941d9d14313cb55970e7f81830053e
Expires: Tue, 11 Jul 2023 22:05:47 GMT
Source-Age: 0

]
[2023-07-12 00:00:48,958: INFO: main: >>>>> Stage | Data Ingestion Stage | Finished 

 ========================================]
